[debug] [2023-01-26T12:16:55.082Z] ----------------------------------------------------------------------
[debug] [2023-01-26T12:16:55.084Z] Command:       C:\Program Files\nodejs\node.exe C:\Users\preet\AppData\Roaming\npm\node_modules\firebase-tools\lib\bin\firebase.js init
[debug] [2023-01-26T12:16:55.085Z] CLI Version:   11.21.0
[debug] [2023-01-26T12:16:55.085Z] Platform:      win32
[debug] [2023-01-26T12:16:55.085Z] Node Version:  v18.12.1
[debug] [2023-01-26T12:16:55.086Z] Time:          Thu Jan 26 2023 17:46:55 GMT+0530 (India Standard Time)
[debug] [2023-01-26T12:16:55.086Z] ----------------------------------------------------------------------
[debug] 
[debug] [2023-01-26T12:16:55.099Z] > command requires scopes: ["email","openid","https://www.googleapis.com/auth/cloudplatformprojects.readonly","https://www.googleapis.com/auth/firebase","https://www.googleapis.com/auth/cloud-platform"]
[debug] [2023-01-26T12:16:55.100Z] > authorizing via signed-in user (vamsibade1234@gmail.com)
[info] 
     ######## #### ########  ######## ########     ###     ######  ########
     ##        ##  ##     ## ##       ##     ##  ##   ##  ##       ##
     ######    ##  ########  ######   ########  #########  ######  ######
     ##        ##  ##    ##  ##       ##     ## ##     ##       ## ##
     ##       #### ##     ## ######## ########  ##     ##  ######  ########

You're about to initialize a Firebase project in this directory:

  C:\Users\preet\Desktop\samp\client

[info] 
=== Project Setup
[info] 
[info] First, let's associate this project directory with a Firebase project.
[info] You can create multiple project aliases by running firebase use --add, 
[info] but for now we'll just set up a default project.
[info] 
[debug] [2023-01-26T12:19:50.125Z] >>> [apiv2][query] GET https://firebase.googleapis.com/v1beta1/projects pageSize=100
[debug] [2023-01-26T12:19:51.424Z] <<< [apiv2][status] GET https://firebase.googleapis.com/v1beta1/projects 200
[debug] [2023-01-26T12:19:51.424Z] <<< [apiv2][body] GET https://firebase.googleapis.com/v1beta1/projects [omitted]
[debug] [2023-01-26T12:20:13.010Z] ----------------------------------------------------------------------
[debug] [2023-01-26T12:20:13.012Z] Command:       C:\Program Files\nodejs\node.exe C:\Users\preet\AppData\Roaming\npm\node_modules\firebase-tools\lib\bin\firebase.js init
[debug] [2023-01-26T12:20:13.013Z] CLI Version:   11.21.0
[debug] [2023-01-26T12:20:13.013Z] Platform:      win32
[debug] [2023-01-26T12:20:13.013Z] Node Version:  v18.12.1
[debug] [2023-01-26T12:20:13.014Z] Time:          Thu Jan 26 2023 17:50:13 GMT+0530 (India Standard Time)
[debug] [2023-01-26T12:20:13.015Z] ----------------------------------------------------------------------
[debug] 
[debug] [2023-01-26T12:20:13.026Z] > command requires scopes: ["email","openid","https://www.googleapis.com/auth/cloudplatformprojects.readonly","https://www.googleapis.com/auth/firebase","https://www.googleapis.com/auth/cloud-platform"]
[debug] [2023-01-26T12:20:13.027Z] > authorizing via signed-in user (vamsibade1234@gmail.com)
[info] 
     ######## #### ########  ######## ########     ###     ######  ########
     ##        ##  ##     ## ##       ##     ##  ##   ##  ##       ##
     ######    ##  ########  ######   ########  #########  ######  ######
     ##        ##  ##    ##  ##       ##     ## ##     ##       ## ##
     ##       #### ##     ## ######## ########  ##     ##  ######  ########

You're about to initialize a Firebase project in this directory:

  C:\Users\preet\Desktop\samp\client

[info] 
=== Project Setup
[info] 
[info] First, let's associate this project directory with a Firebase project.
[info] You can create multiple project aliases by running firebase use --add, 
[info] but for now we'll just set up a default project.
[info] 
[info] i  If you want to create a project in a Google Cloud organization or folder, please use "firebase projects:create" instead, and return to this command when you've created the project. 
[debug] [2023-01-26T12:21:06.805Z] >>> [apiv2][query] POST https://cloudresourcemanager.googleapis.com/v1/projects [none]
[debug] [2023-01-26T12:21:06.805Z] >>> [apiv2][body] POST https://cloudresourcemanager.googleapis.com/v1/projects {"projectId":"weatherMap","name":"WeatherMap"}
[debug] [2023-01-26T12:21:08.524Z] <<< [apiv2][status] POST https://cloudresourcemanager.googleapis.com/v1/projects 400
[debug] [2023-01-26T12:21:08.524Z] <<< [apiv2][body] POST https://cloudresourcemanager.googleapis.com/v1/projects {"error":{"code":400,"message":"field [project_id] has issue [project_id contains invalid characters]","status":"INVALID_ARGUMENT","details":[{"@type":"type.googleapis.com/google.rpc.BadRequest","fieldViolations":[{"field":"project_id","description":"project_id contains invalid characters"}]},{"@type":"type.googleapis.com/google.rpc.Help","links":[{"url":"https://cloud.google.com/resource-manager/reference/rest/v1/projects"}]}]}}
[debug] [2023-01-26T12:21:09.093Z] FirebaseError: HTTP Error: 400, field [project_id] has issue [project_id contains invalid characters]
    at responseToError (C:\Users\preet\AppData\Roaming\npm\node_modules\firebase-tools\lib\responseToError.js:49:12)
    at RetryOperation._fn (C:\Users\preet\AppData\Roaming\npm\node_modules\firebase-tools\lib\apiv2.js:288:77)
    at process.processTicksAndRejections (node:internal/process/task_queues:95:5)
[error] 
[error] Error: Failed to create project. See firebase-debug.log for more info.
